<?xml version="1.0" encoding="UTF-8"?>
<testng-results ignored="0" total="2" passed="2" failed="0" skipped="0">
  <reporter-output>
  </reporter-output>
  <suite started-at="2023-02-24T21:28:10 UZT" name="All Test Suite" finished-at="2023-02-24T21:28:55 UZT" duration-ms="44821">
    <groups>
    </groups>
    <test started-at="2023-02-24T21:28:10 UZT" name="D:/PDP/SDET/Sample/docker_sample/docker_sample/src/main/java/com" finished-at="2023-02-24T21:28:55 UZT" duration-ms="44821">
      <class name="com.chrome.DockerWithChrome1">
        <test-method signature="test1()[pri:0, instance:com.chrome.DockerWithChrome1@4da4253]" started-at="2023-02-24T21:28:30 UZT" name="test1" finished-at="2023-02-24T21:28:46 UZT" duration-ms="16034" status="PASS">
          <reporter-output>
          </reporter-output>
        </test-method> <!-- test1 -->
      </class> <!-- com.chrome.DockerWithChrome1 -->
      <class name="com.runner.Setup_DockerGrid">
        <test-method is-config="true" signature="startDockerGrid()[pri:0, instance:com.runner.Setup_DockerGrid@44a7bfbc]" started-at="2023-02-24T21:28:10 UZT" name="startDockerGrid" finished-at="2023-02-24T21:28:30 UZT" duration-ms="20042" status="PASS">
          <reporter-output>
          </reporter-output>
        </test-method> <!-- startDockerGrid -->
        <test-method is-config="true" signature="stopDockerGrid()[pri:0, instance:com.runner.Setup_DockerGrid@44a7bfbc]" started-at="2023-02-24T21:28:50 UZT" name="stopDockerGrid" finished-at="2023-02-24T21:28:55 UZT" duration-ms="5029" status="PASS">
          <reporter-output>
          </reporter-output>
        </test-method> <!-- stopDockerGrid -->
      </class> <!-- com.runner.Setup_DockerGrid -->
      <class name="com.firefox.DockerWithFirefox">
        <test-method signature="test()[pri:0, instance:com.firefox.DockerWithFirefox@3972a855]" started-at="2023-02-24T21:28:30 UZT" name="test" finished-at="2023-02-24T21:28:50 UZT" duration-ms="19653" status="PASS">
          <reporter-output>
          </reporter-output>
        </test-method> <!-- test -->
      </class> <!-- com.firefox.DockerWithFirefox -->
    </test> <!-- D:/PDP/SDET/Sample/docker_sample/docker_sample/src/main/java/com -->
  </suite> <!-- All Test Suite -->
</testng-results>
